-------------------------------------------------------------------------------
Test set: ax.ha.tdd.chess.engine.KnightTest
-------------------------------------------------------------------------------
Tests run: 2, Failures: 1, Errors: 0, Skipped: 0, Time elapsed: 0 s <<< FAILURE! - in ax.ha.tdd.chess.engine.KnightTest
testKnight  Time elapsed: 0 s  <<< FAILURE!
org.opentest4j.AssertionFailedError: expected: java.lang.String@72057ecf<WHITE Knight> but was: ax.ha.tdd.chess.engine.pieces.Knight@1afd44cb<WHITE Knight>
	at ax.ha.tdd.chess.engine.KnightTest.testKnight(KnightTest.java:16)

