-------------------------------------------------------------------------------
Test set: ax.ha.tdd.chess.engine.RookTest
-------------------------------------------------------------------------------
Tests run: 3, Failures: 1, Errors: 0, Skipped: 0, Time elapsed: 0 s <<< FAILURE! - in ax.ha.tdd.chess.engine.RookTest
testRook  Time elapsed: 0 s  <<< FAILURE!
org.opentest4j.AssertionFailedError: expected: java.lang.String@498d318c<WHITE Rook> but was: ax.ha.tdd.chess.engine.pieces.Rook@795cd85e<WHITE Rook>
	at ax.ha.tdd.chess.engine.RookTest.testRook(RookTest.java:16)

